<?xml version="1.0" encoding="UTF-8"?>
<!-- Generated by org.testng.reporters.JUnitReportReporter -->
<testsuite hostname="Anjali" failures="0" tests="5" name="practice.FirstTest" time="0.030" errors="0" timestamp="2022-11-19T17:08:40 IST" skipped="0">
  <testcase classname="practice.FirstTest" name="demo1Test" time="0.023"/>
  <system-out/>
  <testcase classname="practice.FirstTest" name="demo5Test" time="0.002"/>
  <system-out/>
  <testcase classname="practice.FirstTest" name="demo4Test" time="0.001"/>
  <system-out/>
  <testcase classname="practice.FirstTest" name="demo3Test" time="0.002"/>
  <system-out/>
  <testcase classname="practice.FirstTest" name="demo2Test" time="0.002"/>
  <system-out/>
</testsuite> <!-- practice.FirstTest -->
