<?xml version="1.0" encoding="UTF-8"?>
<!-- Generated by org.testng.reporters.JUnitReportReporter -->
<testsuite hostname="Anjali" failures="0" tests="1" name="practice.FourthTest" time="0.002" errors="0" timestamp="2022-11-19T17:08:40 IST" skipped="0">
  <testcase classname="practice.FourthTest" name="fourthTest" time="0.002"/>
  <system-out/>
</testsuite> <!-- practice.FourthTest -->
