<?xml version="1.0" encoding="UTF-8"?>
<!-- Generated by org.testng.reporters.JUnitReportReporter -->
<testsuite hostname="Anjali" failures="0" tests="1" name="practice.ThirdTest" time="0.001" errors="0" timestamp="2022-11-19T17:08:40 IST" skipped="0">
  <testcase classname="practice.ThirdTest" name="thirdTest" time="0.001"/>
  <system-out/>
</testsuite> <!-- practice.ThirdTest -->
