<?xml version="1.0" encoding="UTF-8"?>
<!-- Generated by org.testng.reporters.JUnitReportReporter -->
<testsuite hostname="Anjali" failures="0" tests="1" name="practice.FifthTest" time="0.003" errors="0" timestamp="2022-11-19T17:08:40 IST" skipped="0">
  <testcase classname="practice.FifthTest" name="fifthTest" time="0.003"/>
  <system-out/>
</testsuite> <!-- practice.FifthTest -->
